build/intermediates/manifest_merge_blame_file/debug/manifest-merger-blame-debug-report.txt
1<?xml version="1.0" encoding="utf-8"?>
2<manifest xmlns:android="http://schemas.android.com/apk/res/android"
3    package="com.example.studentscheduler"
4    android:versionCode="1"
5    android:versionName="1.0" >
6
7    <uses-sdk
8        android:minSdkVersion="26"
8-->src\main\AndroidManifest.xml
9        android:targetSdkVersion="33" />
9-->src\main\AndroidManifest.xml
10
11    <uses-permission android:name="android.permission.RECEIVE_BOOT_COMPLETED" />
11-->src\main\AndroidManifest.xml:6:5-81
11-->src\main\AndroidManifest.xml:6:22-78
12    <uses-permission android:name="android.permission.ACCESS_NOTIFICATION_POLICY" />
12-->src\main\AndroidManifest.xml:7:5-85
12-->src\main\AndroidManifest.xml:7:22-82
13    <uses-permission android:name="android.permission.SEND_SMS" />
13-->src\main\AndroidManifest.xml:8:5-67
13-->src\main\AndroidManifest.xml:8:22-64
14    <uses-permission android:name="android.permission.READ_CONTACTS" />
14-->src\main\AndroidManifest.xml:9:5-72
14-->src\main\AndroidManifest.xml:9:22-69
15    <uses-permission android:name="android.permission.WRITE_CONTACTS" />
15-->src\main\AndroidManifest.xml:10:5-73
15-->src\main\AndroidManifest.xml:10:22-70
16
17    <application
17-->src\main\AndroidManifest.xml:12:5-42:19
18        android:allowBackup="true"
18-->src\main\AndroidManifest.xml:13:9-35
19        android:appComponentFactory="androidx.core.app.CoreComponentFactory"
19-->[androidx.core:core:1.3.1] AndroidManifest.xml:24:18-86
20        android:debuggable="true"
21        android:extractNativeLibs="false"
22        android:icon="@mipmap/ic_launcher"
22-->src\main\AndroidManifest.xml:14:9-43
23        android:label="@string/app_name"
23-->src\main\AndroidManifest.xml:15:9-41
24        android:roundIcon="@mipmap/ic_launcher_round"
24-->src\main\AndroidManifest.xml:16:9-54
25        android:supportsRtl="true"
25-->src\main\AndroidManifest.xml:17:9-35
26        android:theme="@style/AppTheme" >
26-->src\main\AndroidManifest.xml:18:9-40
27        <activity
27-->src\main\AndroidManifest.xml:19:9-26:20
28            android:name="com.example.studentscheduler.MainActivity"
28-->src\main\AndroidManifest.xml:19:19-47
29            android:exported="true" >
29-->src\main\AndroidManifest.xml:20:13-36
30            <intent-filter>
30-->src\main\AndroidManifest.xml:21:13-25:29
31                <action android:name="android.intent.action.MAIN" />
31-->src\main\AndroidManifest.xml:22:17-69
31-->src\main\AndroidManifest.xml:22:25-66
32
33                <category android:name="android.intent.category.LAUNCHER" />
33-->src\main\AndroidManifest.xml:24:17-77
33-->src\main\AndroidManifest.xml:24:27-74
34            </intent-filter>
35        </activity>
36        <activity android:name="com.example.studentscheduler.TermListActivity" />
36-->src\main\AndroidManifest.xml:27:9-54
36-->src\main\AndroidManifest.xml:27:19-51
37        <activity android:name="com.example.studentscheduler.CourseListActivity" />
37-->src\main\AndroidManifest.xml:28:9-56
37-->src\main\AndroidManifest.xml:28:19-53
38        <activity android:name="com.example.studentscheduler.AssessmentListActivity" />
38-->src\main\AndroidManifest.xml:29:9-60
38-->src\main\AndroidManifest.xml:29:19-57
39        <activity android:name="com.example.studentscheduler.CourseDetailActivity" />
39-->src\main\AndroidManifest.xml:30:9-58
39-->src\main\AndroidManifest.xml:30:19-55
40        <activity android:name="com.example.studentscheduler.TermDetailActivity" />
40-->src\main\AndroidManifest.xml:31:9-56
40-->src\main\AndroidManifest.xml:31:19-53
41        <activity android:name="com.example.studentscheduler.AssessmentDetailActivity" />
41-->src\main\AndroidManifest.xml:32:9-62
41-->src\main\AndroidManifest.xml:32:19-59
42
43        <receiver
43-->src\main\AndroidManifest.xml:34:9-41:20
44            android:name="com.example.studentscheduler.util.NotificationHelper"
44-->src\main\AndroidManifest.xml:35:13-52
45            android:enabled="true"
45-->src\main\AndroidManifest.xml:36:13-35
46            android:exported="true" >
46-->src\main\AndroidManifest.xml:37:13-36
47            <intent-filter>
47-->src\main\AndroidManifest.xml:38:13-40:29
48                <action android:name="android.intent.action.BOOT_COMPLETED" />
48-->src\main\AndroidManifest.xml:39:17-79
48-->src\main\AndroidManifest.xml:39:25-76
49            </intent-filter>
50        </receiver>
51
52        <service
52-->[androidx.room:room-runtime:2.3.0] AndroidManifest.xml:25:9-28:40
53            android:name="androidx.room.MultiInstanceInvalidationService"
53-->[androidx.room:room-runtime:2.3.0] AndroidManifest.xml:26:13-74
54            android:directBootAware="true"
54-->[androidx.room:room-runtime:2.3.0] AndroidManifest.xml:27:13-43
55            android:exported="false" />
55-->[androidx.room:room-runtime:2.3.0] AndroidManifest.xml:28:13-37
56
57        <provider
57-->[androidx.lifecycle:lifecycle-process:2.2.0] AndroidManifest.xml:25:9-29:43
58            android:name="androidx.lifecycle.ProcessLifecycleOwnerInitializer"
58-->[androidx.lifecycle:lifecycle-process:2.2.0] AndroidManifest.xml:26:13-79
59            android:authorities="com.example.studentscheduler.lifecycle-process"
59-->[androidx.lifecycle:lifecycle-process:2.2.0] AndroidManifest.xml:27:13-69
60            android:exported="false"
60-->[androidx.lifecycle:lifecycle-process:2.2.0] AndroidManifest.xml:28:13-37
61            android:multiprocess="true" />
61-->[androidx.lifecycle:lifecycle-process:2.2.0] AndroidManifest.xml:29:13-40
62    </application>
63
64</manifest>